<?xml version="1.0" encoding="UTF-8"?>
<beans xmlns="http://www.springframework.org/schema/beans"
	xmlns:xsi="http://www.w3.org/2001/XMLSchema-instance"
	xmlns:context="http://www.springframework.org/schema/context"
	xmlns:task="http://www.springframework.org/schema/task"
	xmlns:util="http://www.springframework.org/schema/util"
	xsi:schemaLocation="
		http://www.springframework.org/schema/beans http://www.springframework.org/schema/beans/spring-beans-3.0.xsd
		http://www.springframework.org/schema/context http://www.springframework.org/schema/context/spring-context-3.0.xsd
		http://www.springframework.org/schema/task http://www.springframework.org/schema/task/spring-task-3.0.xsd
		http://www.springframework.org/schema/util http://www.springframework.org/schema/util/spring-util-3.0.xsd">

	<!-- production -->
	<bean id="sapDataSource" class="com.want.utils.SapDataSource">
		<property name="poolName" value="SAP_Poolc"/>
		<property name="maxPoolCount" value="50"/>
		<property name="clientIdentification" value="800" />
		<property name="clientUser" value="JAVACOM" />
		<property name="clientPassword" value="JAVA@sap99" />
		<property name="clientHost" value="10.0.0.194" />
		<property name="clientSystemNumber" value="02" />
	</bean>
	
	<!-- QA -->
	<!--  
	<bean id="sapDataSource" class="com.want.utils.SapDataSource">
		<property name="poolName" value="SAP_Pool"/>
		<property name="maxPoolCount" value="50"/>
		<property name="clientIdentification" value="500" />
		<property name="clientUser" value="JAVACOM" />
		<property name="clientPassword" value="JAVA@sap99" />
		<property name="clientHost" value="10.0.0.198" />
		<property name="clientSystemNumber" value="00" />
	</bean>
	-->

</beans>
